2022-06-14 20:37:35[,][INFO][LargeScreenLauncher-logStarting]-Starting LargeScreenLauncher on DESKTOP-G7OLLF5 with PID 3472 (started by admin in E:\定制项目\零壹数海\2022年项目\智慧YQ-改版\代码空间\zods_baseplatform)
2022-06-14 20:37:35[,][INFO][LargeScreenLauncher-logStartupProfileInfo]-The following profiles are active: dev
2022-06-14 20:37:36[,][INFO][RepositoryConfigurationDelegate-multipleStoresDetected]-Multiple Spring Data modules found, entering strict repository configuration mode!
2022-06-14 20:37:36[,][INFO][RepositoryConfigurationDelegate-registerRepositoriesIn]-Bootstrapping Spring Data Redis repositories in DEFAULT mode.
2022-06-14 20:37:37[,][INFO][RepositoryConfigurationDelegate-registerRepositoriesIn]-Finished Spring Data repository scanning in 78ms. Found 0 Redis repository interfaces.
2022-06-14 20:37:37[,][INFO][EnableEncryptablePropertiesBeanFactoryPostProcessor-postProcessBeanFactory]-Post-processing PropertySource instances
2022-06-14 20:37:37[,][INFO][EncryptablePropertySourceConverter-makeEncryptable]-Converting PropertySource configurationProperties [org.springframework.boot.context.properties.source.ConfigurationPropertySourcesPropertySource] to AOP Proxy
2022-06-14 20:37:37[,][INFO][EncryptablePropertySourceConverter-makeEncryptable]-Converting PropertySource servletConfigInitParams [org.springframework.core.env.PropertySource$StubPropertySource] to EncryptablePropertySourceWrapper
2022-06-14 20:37:37[,][INFO][EncryptablePropertySourceConverter-makeEncryptable]-Converting PropertySource servletContextInitParams [org.springframework.core.env.PropertySource$StubPropertySource] to EncryptablePropertySourceWrapper
2022-06-14 20:37:37[,][INFO][EncryptablePropertySourceConverter-makeEncryptable]-Converting PropertySource systemProperties [org.springframework.core.env.PropertiesPropertySource] to EncryptableMapPropertySourceWrapper
2022-06-14 20:37:37[,][INFO][EncryptablePropertySourceConverter-makeEncryptable]-Converting PropertySource systemEnvironment [org.springframework.boot.env.SystemEnvironmentPropertySourceEnvironmentPostProcessor$OriginAwareSystemEnvironmentPropertySource] to EncryptableSystemEnvironmentPropertySourceWrapper
2022-06-14 20:37:37[,][INFO][EncryptablePropertySourceConverter-makeEncryptable]-Converting PropertySource random [org.springframework.boot.env.RandomValuePropertySource] to EncryptablePropertySourceWrapper
2022-06-14 20:37:37[,][INFO][EncryptablePropertySourceConverter-makeEncryptable]-Converting PropertySource applicationConfig: [classpath:/application-dev.yml] [org.springframework.boot.env.OriginTrackedMapPropertySource] to EncryptableMapPropertySourceWrapper
2022-06-14 20:37:37[,][INFO][EncryptablePropertySourceConverter-makeEncryptable]-Converting PropertySource applicationConfig: [classpath:/application.yml] [org.springframework.boot.env.OriginTrackedMapPropertySource] to EncryptableMapPropertySourceWrapper
2022-06-14 20:37:37[,][INFO][DefaultLazyPropertyFilter-lambda$null$2]-Property Filter custom Bean not found with name 'encryptablePropertyFilter'. Initializing Default Property Filter
2022-06-14 20:37:37[,][INFO][PostProcessorRegistrationDelegate$BeanPostProcessorChecker-postProcessAfterInitialization]-Bean 'org.springframework.transaction.annotation.ProxyTransactionManagementConfiguration' of type [org.springframework.transaction.annotation.ProxyTransactionManagementConfiguration] is not eligible for getting processed by all BeanPostProcessors (for example: not eligible for auto-proxying)
2022-06-14 20:37:38[,][INFO][TomcatWebServer-initialize]-Tomcat initialized with port(s): 9090 (http)
2022-06-14 20:37:38[,][INFO][Http11NioProtocol-log]-Initializing ProtocolHandler ["http-nio-9090"]
2022-06-14 20:37:38[,][INFO][StandardService-log]-Starting service [Tomcat]
2022-06-14 20:37:38[,][INFO][StandardEngine-log]-Starting Servlet engine: [Apache Tomcat/9.0.29]
2022-06-14 20:37:38[,][INFO][AprLifecycleListener-log]-Loaded APR based Apache Tomcat Native library [1.2.31] using APR version [1.7.0].
2022-06-14 20:37:38[,][INFO][AprLifecycleListener-log]-APR capabilities: IPv6 [true], sendfile [true], accept filters [false], random [true].
2022-06-14 20:37:38[,][INFO][AprLifecycleListener-log]-APR/OpenSSL configuration: useAprConnector [false], useOpenSSL [true]
2022-06-14 20:37:38[,][INFO][AprLifecycleListener-log]-OpenSSL successfully initialized [OpenSSL 1.1.1l  24 Aug 2021]
2022-06-14 20:37:38[,][INFO][[/]-log]-Initializing Spring embedded WebApplicationContext
2022-06-14 20:37:38[,][INFO][ContextLoader-prepareWebApplicationContext]-Root WebApplicationContext: initialization completed in 2967 ms
2022-06-14 20:37:39[,][INFO][DruidDataSourceAutoConfigure-dataSource]-Init DruidDataSource
2022-06-14 20:37:39[,][INFO][DefaultLazyPropertyResolver-lambda$null$2]-Property Resolver custom Bean not found with name 'encryptablePropertyResolver'. Initializing Default Property Resolver
2022-06-14 20:37:39[,][INFO][DefaultLazyPropertyDetector-lambda$null$2]-Property Detector custom Bean not found with name 'encryptablePropertyDetector'. Initializing Default Property Detector
2022-06-14 20:37:39[,][ERROR][TomcatStarter-onStartup]-Error starting Tomcat context. Exception: org.springframework.beans.factory.BeanCreationException. Message: Error creating bean with name 'servletEndpointRegistrar' defined in class path resource [org/springframework/boot/actuate/autoconfigure/endpoint/web/ServletEndpointManagementContextConfiguration$WebMvcServletEndpointManagementContextConfiguration.class]: Bean instantiation via factory method failed; nested exception is org.springframework.beans.BeanInstantiationException: Failed to instantiate [org.springframework.boot.actuate.endpoint.web.ServletEndpointRegistrar]: Factory method 'servletEndpointRegistrar' threw exception; nested exception is org.springframework.beans.factory.UnsatisfiedDependencyException: Error creating bean with name 'healthEndpoint' defined in class path resource [org/springframework/boot/actuate/autoconfigure/health/HealthEndpointConfiguration.class]: Unsatisfied dependency expressed through method 'healthEndpoint' parameter 0; nested exception is org.springframework.beans.factory.BeanCreationException: Error creating bean with name 'healthContributorRegistry' defined in class path resource [org/springframework/boot/actuate/autoconfigure/health/HealthEndpointConfiguration.class]: Bean instantiation via factory method failed; nested exception is org.springframework.beans.BeanInstantiationException: Failed to instantiate [org.springframework.boot.actuate.health.HealthContributorRegistry]: Factory method 'healthContributorRegistry' threw exception; nested exception is org.springframework.beans.factory.UnsatisfiedDependencyException: Error creating bean with name 'org.springframework.boot.actuate.autoconfigure.jdbc.DataSourceHealthContributorAutoConfiguration': Unsatisfied dependency expressed through constructor parameter 0; nested exception is org.springframework.beans.factory.BeanCreationException: Error creating bean with name 'dataSource' defined in class path resource [com/alibaba/druid/spring/boot/autoconfigure/DruidDataSourceAutoConfigure.class]: Invocation of init method failed; nested exception is org.springframework.boot.autoconfigure.jdbc.DataSourceProperties$DataSourceBeanCreationException: Failed to determine suitable jdbc url
2022-06-14 20:37:39[,][INFO][StandardService-log]-Stopping service [Tomcat]
2022-06-14 20:37:39[,][WARN][AnnotationConfigServletWebServerApplicationContext-refresh]-Exception encountered during context initialization - cancelling refresh attempt: org.springframework.context.ApplicationContextException: Unable to start web server; nested exception is org.springframework.boot.web.server.WebServerException: Unable to start embedded Tomcat
2022-06-14 20:37:39[,][INFO][ConditionEvaluationReportLoggingListener-logMessage]-

Error starting ApplicationContext. To display the conditions report re-run your application with 'debug' enabled.
2022-06-14 20:37:39[,][ERROR][LoggingFailureAnalysisReporter-report]-

***************************
APPLICATION FAILED TO START
***************************

Description:

Failed to configure a DataSource: 'url' attribute is not specified and no embedded datasource could be configured.

Reason: Failed to determine suitable jdbc url


Action:

Consider the following:
	If you want an embedded database (H2, HSQL or Derby), please put it on the classpath.
	If you have database settings to be loaded from a particular profile you may need to activate it (no profiles are currently active).

